<?xml version="1.0" encoding="UTF-8"?>
<!-- Generated by org.testng.reporters.JUnitXMLReporter -->
<testsuite ignored="0" hostname="DESKTOP-EO0JQ99" failures="0" tests="13" name="Basicfillup" time="315.099" errors="0" timestamp="2021-12-29T00:41:00 IST">
  <testcase classname="automationpractice.azurewebsite" name="entername" time="7.322"/>
  <testcase classname="automationpractice.azurewebsite" name="enterphone" time="0.579"/>
  <testcase classname="automationpractice.azurewebsite" name="enteremail" time="0.584"/>
  <testcase classname="automationpractice.azurewebsite" name="enterpass" time="0.507"/>
  <testcase classname="automationpractice.azurewebsite" name="enteradd" time="0.353"/>
  <testcase classname="automationpractice.azurewebsite" name="submit" time="0.141"/>
  <testcase classname="automationpractice.checkbox" name="daycheck" time="0.542"/>
  <testcase classname="automationpractice.checkbox" name="gendercheckmale" time="0.095"/>
  <testcase classname="automationpractice.dropdown" name="selectoption" time="1.705"/>
  <testcase classname="automationpractice.yearofexandautotools" name="autotools" time="0.635"/>
  <testcase classname="automationpractice.yearofexandautotools" name="yearofexperience" time="0.446"/>
  <testcase classname="automationpractice.inputfile" name="clickonbox" time="3.068"/>
  <testcase classname="automationpractice.inputfile" name="upload" time="0.117"/>
</testsuite> <!-- Basicfillup -->
