<?xml version="1.0" encoding="UTF-8"?>
<!-- Generated by org.testng.reporters.JUnitXMLReporter -->
<testsuite ignored="0" hostname="DESKTOP-EO0JQ99" failures="0" tests="5" name="Default test" time="2.251" errors="0" timestamp="2022-01-07T11:16:39 IST">
  <testcase classname="automationpractice.fullpage" name="checkbox" time="0.498"/>
  <testcase classname="automationpractice.fullpage" name="dropdown" time="0.213"/>
  <testcase classname="automationpractice.fullpage" name="enterdetails" time="0.866"/>
  <testcase classname="automationpractice.fullpage" name="inputfile" time="0.2"/>
  <testcase classname="automationpractice.fullpage" name="yearandauto" time="0.305"/>
</testsuite> <!-- Default test -->
