<?xml version="1.0" encoding="UTF-8"?>
<!-- Generated by org.testng.reporters.JUnitXMLReporter -->
<testsuite ignored="0" hostname="DESKTOP-EO0JQ99" failures="0" tests="5" name="FullTest" time="7.668" errors="0" timestamp="2021-12-29T01:17:24 IST">
  <testcase classname="automationpractice.fullpage" name="checkbox" time="1.114"/>
  <testcase classname="automationpractice.fullpage" name="dropdown" time="2.582"/>
  <testcase classname="automationpractice.fullpage" name="enterdetails" time="2.306"/>
  <testcase classname="automationpractice.fullpage" name="inputfile" time="0.657"/>
  <testcase classname="automationpractice.fullpage" name="yearandauto" time="0.706"/>
</testsuite> <!-- FullTest -->
